Build started 6/4/2012 7:18:18 μμ.
     1>Project "C:\Users\P\Desktop\video - sound\decompress\decompress\decompress.vcxproj" on node 2 (build target(s)).
     1>InitializeBuildStatus:
         Creating "Debug\decompress.unsuccessfulbuild" because "AlwaysCreate" was specified.
       ClCompile:
         c:\Program Files (x86)\Microsoft Visual Studio 10.0\VC\bin\CL.exe /c /ZI /nologo /W3 /WX- /Od /Oy- /D WIN32 /D _DEBUG /D _CONSOLE /D _UNICODE /D UNICODE /Gm /EHsc /RTC1 /MDd /GS /fp:precise /Zc:wchar_t /Zc:forScope /Fo"Debug\\" /Fd"Debug\vc100.pdb" /Gd /TC /analyze- /errorReport:prompt decomp.c
         decomp.c
     1>c:\users\p\desktop\video - sound\decompress\decompress\decomp.c(100): warning C4996: 'fopen': This function or variable may be unsafe. Consider using fopen_s instead. To disable deprecation, use _CRT_SECURE_NO_WARNINGS. See online help for details.
                 c:\program files (x86)\microsoft visual studio 10.0\vc\include\stdio.h(234) : see declaration of 'fopen'
     1>c:\users\p\desktop\video - sound\decompress\decompress\decomp.c(88): warning C4101: 'n' : unreferenced local variable
     1>c:\users\p\desktop\video - sound\decompress\decompress\decomp.c(88): warning C4101: 'k' : unreferenced local variable
     1>c:\users\p\desktop\video - sound\decompress\decompress\decomp.c(133): warning C4996: 'strcat': This function or variable may be unsafe. Consider using strcat_s instead. To disable deprecation, use _CRT_SECURE_NO_WARNINGS. See online help for details.
                 c:\program files (x86)\microsoft visual studio 10.0\vc\include\string.h(110) : see declaration of 'strcat'
     1>c:\users\p\desktop\video - sound\decompress\decompress\decomp.c(175): warning C4996: 'fopen': This function or variable may be unsafe. Consider using fopen_s instead. To disable deprecation, use _CRT_SECURE_NO_WARNINGS. See online help for details.
                 c:\program files (x86)\microsoft visual studio 10.0\vc\include\stdio.h(234) : see declaration of 'fopen'
     1>c:\users\p\desktop\video - sound\decompress\decompress\decomp.c(180): warning C4996: 'fscanf': This function or variable may be unsafe. Consider using fscanf_s instead. To disable deprecation, use _CRT_SECURE_NO_WARNINGS. See online help for details.
                 c:\program files (x86)\microsoft visual studio 10.0\vc\include\stdio.h(253) : see declaration of 'fscanf'
     1>c:\users\p\desktop\video - sound\decompress\decompress\decomp.c(226): warning C4996: 'fopen': This function or variable may be unsafe. Consider using fopen_s instead. To disable deprecation, use _CRT_SECURE_NO_WARNINGS. See online help for details.
                 c:\program files (x86)\microsoft visual studio 10.0\vc\include\stdio.h(234) : see declaration of 'fopen'
     1>c:\users\p\desktop\video - sound\decompress\decompress\decomp.c(236): warning C4996: 'fopen': This function or variable may be unsafe. Consider using fopen_s instead. To disable deprecation, use _CRT_SECURE_NO_WARNINGS. See online help for details.
                 c:\program files (x86)\microsoft visual studio 10.0\vc\include\stdio.h(234) : see declaration of 'fopen'
     1>c:\users\p\desktop\video - sound\decompress\decompress\decomp.c(239): warning C4996: 'strcpy': This function or variable may be unsafe. Consider using strcpy_s instead. To disable deprecation, use _CRT_SECURE_NO_WARNINGS. See online help for details.
                 c:\program files (x86)\microsoft visual studio 10.0\vc\include\string.h(105) : see declaration of 'strcpy'
     1>c:\users\p\desktop\video - sound\decompress\decompress\decomp.c(246): warning C4996: 'itoa': The POSIX name for this item is deprecated. Instead, use the ISO C++ conformant name: _itoa. See online help for details.
                 c:\program files (x86)\microsoft visual studio 10.0\vc\include\stdlib.h(867) : see declaration of 'itoa'
     1>c:\users\p\desktop\video - sound\decompress\decompress\decomp.c(249): warning C4996: 'strcat': This function or variable may be unsafe. Consider using strcat_s instead. To disable deprecation, use _CRT_SECURE_NO_WARNINGS. See online help for details.
                 c:\program files (x86)\microsoft visual studio 10.0\vc\include\string.h(110) : see declaration of 'strcat'
     1>c:\users\p\desktop\video - sound\decompress\decompress\decomp.c(252): warning C4996: 'strcat': This function or variable may be unsafe. Consider using strcat_s instead. To disable deprecation, use _CRT_SECURE_NO_WARNINGS. See online help for details.
                 c:\program files (x86)\microsoft visual studio 10.0\vc\include\string.h(110) : see declaration of 'strcat'
     1>c:\users\p\desktop\video - sound\decompress\decompress\decomp.c(352): warning C4305: 'initializing' : truncation from 'double' to 'float'
     1>c:\users\p\desktop\video - sound\decompress\decompress\decomp.c(354): warning C4244: '=' : conversion from 'double' to 'float', possible loss of data
     1>c:\users\p\desktop\video - sound\decompress\decompress\decomp.c(360): warning C4244: '=' : conversion from 'double' to 'float', possible loss of data
     1>c:\users\p\desktop\video - sound\decompress\decompress\decomp.c(388): warning C4244: 'function' : conversion from 'double' to 'int', possible loss of data
     1>c:\users\p\desktop\video - sound\decompress\decompress\decomp.c(388): warning C4244: 'function' : conversion from 'double' to 'int', possible loss of data
     1>c:\users\p\desktop\video - sound\decompress\decompress\decomp.c(388): warning C4244: 'function' : conversion from 'double' to 'int', possible loss of data
       ManifestResourceCompile:
         All outputs are up-to-date.
       Link:
         c:\Program Files (x86)\Microsoft Visual Studio 10.0\VC\bin\link.exe /ERRORREPORT:PROMPT /OUT:"C:\Users\P\Desktop\video - sound\decompress\Debug\decompress.exe" /INCREMENTAL /NOLOGO kernel32.lib user32.lib gdi32.lib winspool.lib comdlg32.lib advapi32.lib shell32.lib ole32.lib oleaut32.lib uuid.lib odbc32.lib odbccp32.lib /MANIFEST /ManifestFile:"Debug\decompress.exe.intermediate.manifest" /MANIFESTUAC:"level='asInvoker' uiAccess='false'" /DEBUG /PDB:"C:\Users\P\Desktop\video - sound\decompress\Debug\decompress.pdb" /SUBSYSTEM:CONSOLE /TLBID:1 /DYNAMICBASE /NXCOMPAT /IMPLIB:"C:\Users\P\Desktop\video - sound\decompress\Debug\decompress.lib" /MACHINE:X86 Debug\decompress.exe.embed.manifest.res
         Debug\decomp.obj
       Manifest:
         C:\Program Files (x86)\Microsoft SDKs\Windows\v7.0A\bin\mt.exe /nologo /verbose /out:"Debug\decompress.exe.embed.manifest" /manifest Debug\decompress.exe.intermediate.manifest
         All outputs are up-to-date.
       LinkEmbedManifest:
         All outputs are up-to-date.
         decompress.vcxproj -> C:\Users\P\Desktop\video - sound\decompress\Debug\decompress.exe
       FinalizeBuildStatus:
         Deleting file "Debug\decompress.unsuccessfulbuild".
         Touching "Debug\decompress.lastbuildstate".
     1>Done Building Project "C:\Users\P\Desktop\video - sound\decompress\decompress\decompress.vcxproj" (build target(s)).

Build succeeded.

Time Elapsed 00:00:02.01
